
> react-typescript-starter@0.1.0 test
> react-scripts test --coverage

Browserslist: caniuse-lite is outdated. Please run:
  npx browserslist@latest --update-db
  Why you should do it regularly: https://github.com/browserslist/browserslist#browsers-data-updating
PASS src/arrays.test.ts
PASS src/objects.test.ts
PASS src/HtmlCss.test.tsx
PASS src/functions.test.ts
PASS src/App.test.tsx
----------------|---------|----------|---------|---------|-------------------
File            | % Stmts | % Branch | % Funcs | % Lines | Uncovered Line #s 
----------------|---------|----------|---------|---------|-------------------
All files       |   97.14 |    97.95 |     100 |   97.05 |                   
 src            |   97.14 |    97.95 |     100 |   97.05 |                   
  App.tsx       |     100 |      100 |     100 |     100 |                   
  arrays.ts     |   98.21 |      100 |     100 |   98.11 | 25                
  functions.ts  |   94.44 |      100 |     100 |   94.44 | 59                
  objects.ts    |   96.55 |     87.5 |     100 |   96.55 | 50                
 src/interfaces |       0 |        0 |       0 |       0 |                   
  question.ts   |       0 |        0 |       0 |       0 |                   
----------------|---------|----------|---------|---------|-------------------

Test Suites: 5 passed, 5 total
Tests:       32 passed, 32 total
Snapshots:   0 total
Time:        3.968 s
Ran all test suites.
