
> react-typescript-starter@0.1.0 test
> react-scripts test --coverage

Browserslist: caniuse-lite is outdated. Please run:
  npx browserslist@latest --update-db
  Why you should do it regularly: https://github.com/browserslist/browserslist#browsers-data-updating
PASS src/HtmlCss.test.tsx
PASS src/functions.test.ts
PASS src/App.test.tsx
--------------|---------|----------|---------|---------|-------------------
File          | % Stmts | % Branch | % Funcs | % Lines | Uncovered Line #s 
--------------|---------|----------|---------|---------|-------------------
All files     |      95 |      100 |     100 |      95 |                   
 App.tsx      |     100 |      100 |     100 |     100 |                   
 functions.ts |   94.44 |      100 |     100 |   94.44 | 59                
--------------|---------|----------|---------|---------|-------------------

Test Suites: 3 passed, 3 total
Tests:       13 passed, 13 total
Snapshots:   0 total
Time:        2.792 s
Ran all test suites.
